<?xml version="1.0" encoding="UTF-8"?>
<!-- Generated by org.testng.reporters.JUnitReportReporter -->
<testsuite hostname="DESKTOP-F1TBV5E" failures="0" tests="3" name="com.demowebshop.testscript.LoginTest" time="24.724" errors="0" timestamp="2023-03-24T08:21:43 IST" skipped="0">
  <testcase classname="com.demowebshop.testscript.LoginTest" name="tc_005_verifyInvalidLogin" time="8.202"/>
  <system-out/>
  <testcase classname="com.demowebshop.testscript.LoginTest" name="tc_005_verifyInvalidLogin" time="7.274"/>
  <system-out/>
  <testcase classname="com.demowebshop.testscript.LoginTest" name="tc_005_verifyInvalidLogin" time="9.248"/>
  <system-out/>
</testsuite> <!-- com.demowebshop.testscript.LoginTest -->
