<?xml version="1.0" encoding="UTF-8"?>
<!-- Generated by org.testng.reporters.JUnitReportReporter -->
<testsuite hostname="DESKTOP-F1TBV5E" failures="0" tests="1" name="com.demowebshop.testscript.RegisterTest" time="13.638" errors="0" timestamp="2023-03-25T12:53:22 IST" skipped="0">
  <testcase classname="com.demowebshop.testscript.RegisterTest" name="tc_006_verifyRegistration" time="13.638"/>
  <system-out/>
</testsuite> <!-- com.demowebshop.testscript.RegisterTest -->
