<?xml version="1.0" encoding="UTF-8"?>
<!-- Generated by org.testng.reporters.JUnitReportReporter -->
<testsuite hostname="DESKTOP-F1TBV5E" failures="0" tests="1" name="com.demowebshop.testscript.UserAccountTest" time="21.550" errors="0" timestamp="2023-03-24T07:04:32 IST" skipped="0">
  <testcase classname="com.demowebshop.testscript.UserAccountTest" name="tc_004_verifyLogin" time="21.550"/>
  <system-out/>
</testsuite> <!-- com.demowebshop.testscript.UserAccountTest -->
