<?xml version="1.0" encoding="UTF-8"?>
<!-- Generated by org.testng.reporters.JUnitReportReporter -->
<testsuite hostname="DESKTOP-F1TBV5E" failures="0" tests="1" name="com.demowebshop.testscript.HomeTest" time="29.895" errors="0" timestamp="2023-03-21T07:34:09 IST" skipped="0">
  <testcase classname="com.demowebshop.testscript.HomeTest" name="tc_002_verifySubscribtion" time="29.895"/>
  <system-out/>
</testsuite> <!-- com.demowebshop.testscript.HomeTest -->
